[debug] [2021-07-19T18:31:16.644Z] ----------------------------------------------------------------------
[debug] [2021-07-19T18:31:16.646Z] Command:       C:\Program Files\nodejs\node.exe C:\Users\Gonzvid-19\AppData\Roaming\npm\node_modules\firebase-tools\lib\bin\firebase.js init
[debug] [2021-07-19T18:31:16.647Z] CLI Version:   9.16.0
[debug] [2021-07-19T18:31:16.647Z] Platform:      win32
[debug] [2021-07-19T18:31:16.647Z] Node Version:  v14.17.2
[debug] [2021-07-19T18:31:16.648Z] Time:          Mon Jul 19 2021 21:31:16 GMT+0300 (Eastern European Summer Time)
[debug] [2021-07-19T18:31:16.648Z] ----------------------------------------------------------------------
[debug] 
[debug] [2021-07-19T18:31:16.652Z] > command requires scopes: ["email","openid","https://www.googleapis.com/auth/cloudplatformprojects.readonly","https://www.googleapis.com/auth/firebase","https://www.googleapis.com/auth/cloud-platform"]
[debug] [2021-07-19T18:31:16.653Z] > authorizing via signed-in user (daved.pacco@gmail.com)
[info] 
     ######## #### ########  ######## ########     ###     ######  ########
     ##        ##  ##     ## ##       ##     ##  ##   ##  ##       ##
     ######    ##  ########  ######   ########  #########  ######  ######
     ##        ##  ##    ##  ##       ##     ## ##     ##       ## ##
     ##       #### ##     ## ######## ########  ##     ##  ######  ########

You're about to initialize a Firebase project in this directory:

  C:\Users\Gonzvid-19\Desktop\netflix-react-clone

[info] 
=== Project Setup
[info] 
[info] First, let's associate this project directory with a Firebase project.
[info] You can create multiple project aliases by running firebase use --add, 
[info] but for now we'll just set up a default project.
[info] 
